<?xml version="1.0" encoding="UTF-8"?>
<testsuite xmlns:xsi="http://www.w3.org/2001/XMLSchema-instance" xsi:noNamespaceSchemaLocation="https://maven.apache.org/surefire/maven-surefire-plugin/xsd/surefire-test-report-3.0.xsd" version="3.0" name="com.connect4.GameTest" time="0.143" tests="17" errors="0" skipped="3" failures="0">
  <properties>
[...]
</properties>
  <testcase name="testAIPlayerMove" classname="com.connect4.GameTest" time="0.048"/>
  <testcase name="testStartGameWithAI" classname="com.connect4.GameTest" time="0">
    <skipped message="Ez a teszt jelenleg nem futtatható a read-only állapot miatt."/>
  </testcase>
  <testcase name="testInvalidMove" classname="com.connect4.GameTest" time="0.005"/>
  <testcase name="testWinningCondition" classname="com.connect4.GameTest" time="0"/>
  <testcase name="testAIWin" classname="com.connect4.GameTest" time="0.005"/>
  <testcase name="testDraw" classname="com.connect4.GameTest" time="0">
    <skipped message="public void com.connect4.GameTest.testDraw() is @Disabled"/>
  </testcase>
  <testcase name="testMainMethod" classname="com.connect4.GameTest" time="0.016">
    <system-out><![CDATA[Adja meg az első játékos nevét:
Adja meg a második játékos nevét (ha gép, írjon 'Gép'): 
Kérjük, adja meg a fájl nevét (ha nem akar fájlt betölteni, csak nyomjon Entert):
A játék kezdődik!
Tábla:
. . . . . . . 
. . . . . . . 
. . . . . . . 
. . . . . . . 
. . . . . . . 
. . . . . . . 
Player1 lépése (oszlop: 0-6):
Nincs több bemenet a játékos lépéséhez.
Mentse a játék állását (írd be a fájl nevét, ha nem akar menteni, csak nyomjon Entert):
]]></system-out>
  </testcase>
  <testcase name="testGameInitialization" classname="com.connect4.GameTest" time="0.003"/>
  <testcase name="testValidColumnInput" classname="com.connect4.GameTest" time="0.006"/>
  <testcase name="testGameEndsWithAIWinning" classname="com.connect4.GameTest" time="0.008">
    <system-out><![CDATA[A játék kezdődik!
Tábla:
. . . . . . . 
. . . . . . . 
. . . . . . . 
. . . . . . . 
. . . . . . . 
. . . . . . . 
Player 1 lépése (oszlop: 0-6):
Tábla:
. . . . . . . 
. . . . . . . 
. . . . . . . 
. . . . . . . 
. . . . . . . 
X . . . . . . 
Player 2 lépése (oszlop: 0-6):
Tábla:
. . . . . . . 
. . . . . . . 
. . . . . . . 
. . . . . . . 
O . . . . . . 
X . . . . . . 
Player 1 lépése (oszlop: 0-6):
Tábla:
. . . . . . . 
. . . . . . . 
. . . . . . . 
. . . . . . . 
O . . . . . . 
X X . . . . . 
Player 2 lépése (oszlop: 0-6):
Tábla:
. . . . . . . 
. . . . . . . 
. . . . . . . 
. . . . . . . 
O O . . . . . 
X X . . . . . 
Player 1 lépése (oszlop: 0-6):
Tábla:
. . . . . . . 
. . . . . . . 
. . . . . . . 
. . . . . . . 
O O . . . . . 
X X X . . . . 
Player 2 lépése (oszlop: 0-6):
Tábla:
. . . . . . . 
. . . . . . . 
. . . . . . . 
. . . . . . . 
O O O . . . . 
X X X . . . . 
Player 1 lépése (oszlop: 0-6):
Tábla:
. . . . . . . 
. . . . . . . 
. . . . . . . 
. . . . . . . 
O O O . . . . 
X X X X . . . 
Player 1 nyert!
]]></system-out>
  </testcase>
  <testcase name="testStartGameWithHumanVsHuman" classname="com.connect4.GameTest" time="0">
    <skipped message="public void com.connect4.GameTest.testStartGameWithHumanVsHuman() is @Disabled"/>
  </testcase>
  <testcase name="testInvalidColumnInput" classname="com.connect4.GameTest" time="0.005"/>
  <testcase name="testDrawCondition" classname="com.connect4.GameTest" time="0.004"/>
  <testcase name="testPlayer1Win" classname="com.connect4.GameTest" time="0.005"/>
  <testcase name="testGameEndsWhenPlayerWins" classname="com.connect4.GameTest" time="0.005">
    <system-out><![CDATA[A játék kezdődik!
Tábla:
. . . . . . . 
. . . . . . . 
. . . . . . . 
. . . . . . . 
. . . . . . . 
. . . . . . . 
Player 1 lépése (oszlop: 0-6):
Tábla:
. . . . . . . 
. . . . . . . 
. . . . . . . 
. . . . . . . 
. . . . . . . 
X . . . . . . 
Player 2 lépése (oszlop: 0-6):
Tábla:
. . . . . . . 
. . . . . . . 
. . . . . . . 
. . . . . . . 
O . . . . . . 
X . . . . . . 
Player 1 lépése (oszlop: 0-6):
Tábla:
. . . . . . . 
. . . . . . . 
. . . . . . . 
. . . . . . . 
O . . . . . . 
X X . . . . . 
Player 2 lépése (oszlop: 0-6):
Tábla:
. . . . . . . 
. . . . . . . 
. . . . . . . 
. . . . . . . 
O O . . . . . 
X X . . . . . 
Player 1 lépése (oszlop: 0-6):
Tábla:
. . . . . . . 
. . . . . . . 
. . . . . . . 
. . . . . . . 
O O . . . . . 
X X X . . . . 
Player 2 lépése (oszlop: 0-6):
Tábla:
. . . . . . . 
. . . . . . . 
. . . . . . . 
O . . . . . . 
O O . . . . . 
X X X . . . . 
Player 1 lépése (oszlop: 0-6):
Tábla:
. . . . . . . 
. . . . . . . 
. . . . . . . 
O . . . . . . 
O O . . . . . 
X X X X . . . 
Player 1 nyert!
]]></system-out>
  </testcase>
  <testcase name="testLoadGameFromFile" classname="com.connect4.GameTest" time="0.011"/>
  <testcase name="testSaveGameToFile" classname="com.connect4.GameTest" time="0"/>
</testsuite>